Analysis & Synthesis report for DE1_SoC
Wed Jul 18 20:24:56 2018
Quartus Prime Version 17.0.0 Build 595 04/25/2017 SJ Lite Edition


---------------------
; Table of Contents ;
---------------------
  1. Legal Notice
  2. Analysis & Synthesis Summary
  3. Analysis & Synthesis Settings
  4. Parallel Compilation
  5. Analysis & Synthesis Source Files Read
  6. Analysis & Synthesis Resource Usage Summary
  7. Analysis & Synthesis Resource Utilization by Entity
  8. Registers Removed During Synthesis
  9. General Register Statistics
 10. Port Connectivity Checks: "normalLight:nm1"
 11. Port Connectivity Checks: "normalLight:nm9"
 12. Port Connectivity Checks: "meta:set0"
 13. Port Connectivity Checks: "meta:set3"
 14. Post-Synthesis Netlist Statistics for Top Partition
 15. Elapsed Time Per Partition
 16. Analysis & Synthesis Messages



----------------
; Legal Notice ;
----------------
Copyright (C) 2017  Intel Corporation. All rights reserved.
Your use of Intel Corporation's design tools, logic functions 
and other software and tools, and its AMPP partner logic 
functions, and any output files from any of the foregoing 
(including device programming or simulation files), and any 
associated documentation or information are expressly subject 
to the terms and conditions of the Intel Program License 
Subscription Agreement, the Intel Quartus Prime License Agreement,
the Intel MegaCore Function License Agreement, or other 
applicable license agreement, including, without limitation, 
that your use is for the sole purpose of programming logic 
devices manufactured by Intel and sold by Intel or its 
authorized distributors.  Please refer to the applicable 
agreement for further details.



+-------------------------------------------------------------------------------+
; Analysis & Synthesis Summary                                                  ;
+---------------------------------+---------------------------------------------+
; Analysis & Synthesis Status     ; Successful - Wed Jul 18 20:24:56 2018       ;
; Quartus Prime Version           ; 17.0.0 Build 595 04/25/2017 SJ Lite Edition ;
; Revision Name                   ; DE1_SoC                                     ;
; Top-level Entity Name           ; DE1_SoC                                     ;
; Family                          ; Cyclone V                                   ;
; Logic utilization (in ALMs)     ; N/A                                         ;
; Total registers                 ; 19                                          ;
; Total pins                      ; 67                                          ;
; Total virtual pins              ; 0                                           ;
; Total block memory bits         ; 0                                           ;
; Total DSP Blocks                ; 0                                           ;
; Total HSSI RX PCSs              ; 0                                           ;
; Total HSSI PMA RX Deserializers ; 0                                           ;
; Total HSSI TX PCSs              ; 0                                           ;
; Total HSSI PMA TX Serializers   ; 0                                           ;
; Total PLLs                      ; 0                                           ;
; Total DLLs                      ; 0                                           ;
+---------------------------------+---------------------------------------------+


+---------------------------------------------------------------------------------------------------------------------------+
; Analysis & Synthesis Settings                                                                                             ;
+---------------------------------------------------------------------------------+--------------------+--------------------+
; Option                                                                          ; Setting            ; Default Value      ;
+---------------------------------------------------------------------------------+--------------------+--------------------+
; Device                                                                          ; 5CSEMA5F31C6       ;                    ;
; Top-level entity name                                                           ; DE1_SoC            ; DE1_SoC            ;
; Family name                                                                     ; Cyclone V          ; Cyclone V          ;
; State Machine Processing                                                        ; User-Encoded       ; Auto               ;
; Use smart compilation                                                           ; Off                ; Off                ;
; Enable parallel Assembler and TimeQuest Timing Analyzer during compilation      ; On                 ; On                 ;
; Enable compact report table                                                     ; Off                ; Off                ;
; Restructure Multiplexers                                                        ; Auto               ; Auto               ;
; MLAB Add Timing Constraints For Mixed-Port Feed-Through Mode Setting Don't Care ; Off                ; Off                ;
; Create Debugging Nodes for IP Cores                                             ; Off                ; Off                ;
; Preserve fewer node names                                                       ; On                 ; On                 ;
; OpenCore Plus hardware evaluation                                               ; Enable             ; Enable             ;
; Verilog Version                                                                 ; Verilog_2001       ; Verilog_2001       ;
; VHDL Version                                                                    ; VHDL_1993          ; VHDL_1993          ;
; Safe State Machine                                                              ; Off                ; Off                ;
; Extract Verilog State Machines                                                  ; On                 ; On                 ;
; Extract VHDL State Machines                                                     ; On                 ; On                 ;
; Ignore Verilog initial constructs                                               ; Off                ; Off                ;
; Iteration limit for constant Verilog loops                                      ; 5000               ; 5000               ;
; Iteration limit for non-constant Verilog loops                                  ; 250                ; 250                ;
; Add Pass-Through Logic to Inferred RAMs                                         ; On                 ; On                 ;
; Infer RAMs from Raw Logic                                                       ; On                 ; On                 ;
; Parallel Synthesis                                                              ; On                 ; On                 ;
; DSP Block Balancing                                                             ; Auto               ; Auto               ;
; NOT Gate Push-Back                                                              ; On                 ; On                 ;
; Power-Up Don't Care                                                             ; On                 ; On                 ;
; Remove Redundant Logic Cells                                                    ; Off                ; Off                ;
; Remove Duplicate Registers                                                      ; On                 ; On                 ;
; Ignore CARRY Buffers                                                            ; Off                ; Off                ;
; Ignore CASCADE Buffers                                                          ; Off                ; Off                ;
; Ignore GLOBAL Buffers                                                           ; Off                ; Off                ;
; Ignore ROW GLOBAL Buffers                                                       ; Off                ; Off                ;
; Ignore LCELL Buffers                                                            ; Off                ; Off                ;
; Ignore SOFT Buffers                                                             ; On                 ; On                 ;
; Limit AHDL Integers to 32 Bits                                                  ; Off                ; Off                ;
; Optimization Technique                                                          ; Balanced           ; Balanced           ;
; Carry Chain Length                                                              ; 70                 ; 70                 ;
; Auto Carry Chains                                                               ; On                 ; On                 ;
; Auto Open-Drain Pins                                                            ; On                 ; On                 ;
; Perform WYSIWYG Primitive Resynthesis                                           ; Off                ; Off                ;
; Auto ROM Replacement                                                            ; On                 ; On                 ;
; Auto RAM Replacement                                                            ; On                 ; On                 ;
; Auto DSP Block Replacement                                                      ; On                 ; On                 ;
; Auto Shift Register Replacement                                                 ; Auto               ; Auto               ;
; Allow Shift Register Merging across Hierarchies                                 ; Auto               ; Auto               ;
; Auto Clock Enable Replacement                                                   ; On                 ; On                 ;
; Strict RAM Replacement                                                          ; Off                ; Off                ;
; Allow Synchronous Control Signals                                               ; On                 ; On                 ;
; Force Use of Synchronous Clear Signals                                          ; Off                ; Off                ;
; Auto Resource Sharing                                                           ; Off                ; Off                ;
; Allow Any RAM Size For Recognition                                              ; Off                ; Off                ;
; Allow Any ROM Size For Recognition                                              ; Off                ; Off                ;
; Allow Any Shift Register Size For Recognition                                   ; Off                ; Off                ;
; Use LogicLock Constraints during Resource Balancing                             ; On                 ; On                 ;
; Ignore translate_off and synthesis_off directives                               ; Off                ; Off                ;
; Timing-Driven Synthesis                                                         ; On                 ; On                 ;
; Report Parameter Settings                                                       ; On                 ; On                 ;
; Report Source Assignments                                                       ; On                 ; On                 ;
; Report Connectivity Checks                                                      ; On                 ; On                 ;
; Ignore Maximum Fan-Out Assignments                                              ; Off                ; Off                ;
; Synchronization Register Chain Length                                           ; 3                  ; 3                  ;
; PowerPlay Power Optimization During Synthesis                                   ; Normal compilation ; Normal compilation ;
; HDL message level                                                               ; Level2             ; Level2             ;
; Suppress Register Optimization Related Messages                                 ; Off                ; Off                ;
; Number of Removed Registers Reported in Synthesis Report                        ; 5000               ; 5000               ;
; Number of Swept Nodes Reported in Synthesis Report                              ; 5000               ; 5000               ;
; Number of Inverted Registers Reported in Synthesis Report                       ; 100                ; 100                ;
; Clock MUX Protection                                                            ; On                 ; On                 ;
; Auto Gated Clock Conversion                                                     ; Off                ; Off                ;
; Block Design Naming                                                             ; Auto               ; Auto               ;
; SDC constraint protection                                                       ; Off                ; Off                ;
; Synthesis Effort                                                                ; Auto               ; Auto               ;
; Shift Register Replacement - Allow Asynchronous Clear Signal                    ; On                 ; On                 ;
; Pre-Mapping Resynthesis Optimization                                            ; Off                ; Off                ;
; Analysis & Synthesis Message Level                                              ; Medium             ; Medium             ;
; Disable Register Merging Across Hierarchies                                     ; Auto               ; Auto               ;
; Resource Aware Inference For Block RAM                                          ; On                 ; On                 ;
; Automatic Parallel Synthesis                                                    ; On                 ; On                 ;
; Partial Reconfiguration Bitstream ID                                            ; Off                ; Off                ;
+---------------------------------------------------------------------------------+--------------------+--------------------+


+------------------------------------------+
; Parallel Compilation                     ;
+----------------------------+-------------+
; Processors                 ; Number      ;
+----------------------------+-------------+
; Number detected on machine ; 8           ;
; Maximum allowed            ; 4           ;
;                            ;             ;
; Average used               ; 1.00        ;
; Maximum used               ; 4           ;
;                            ;             ;
; Usage by Processor         ; % Time Used ;
;     Processor 1            ; 100.0%      ;
;     Processors 2-4         ;   0.0%      ;
+----------------------------+-------------+


+------------------------------------------------------------------------------------------------------------------------------------------+
; Analysis & Synthesis Source Files Read                                                                                                   ;
+----------------------------------+-----------------+------------------------------+--------------------------------------------+---------+
; File Name with User-Entered Path ; Used in Netlist ; File Type                    ; File Name with Absolute Path               ; Library ;
+----------------------------------+-----------------+------------------------------+--------------------------------------------+---------+
; DE1_SoC.sv                       ; yes             ; User SystemVerilog HDL File  ; C:/Users/10737/Desktop/lab4/DE1_SoC.sv     ;         ;
; centerLight.sv                   ; yes             ; User SystemVerilog HDL File  ; C:/Users/10737/Desktop/lab4/centerLight.sv ;         ;
; meta.sv                          ; yes             ; User SystemVerilog HDL File  ; C:/Users/10737/Desktop/lab4/meta.sv        ;         ;
; normalLight.sv                   ; yes             ; User SystemVerilog HDL File  ; C:/Users/10737/Desktop/lab4/normalLight.sv ;         ;
; decideWin.sv                     ; yes             ; User SystemVerilog HDL File  ; C:/Users/10737/Desktop/lab4/decideWin.sv   ;         ;
; userInput.sv                     ; yes             ; User SystemVerilog HDL File  ; C:/Users/10737/Desktop/lab4/userInput.sv   ;         ;
+----------------------------------+-----------------+------------------------------+--------------------------------------------+---------+


+--------------------------------------------------------------+
; Analysis & Synthesis Resource Usage Summary                  ;
+---------------------------------------------+----------------+
; Resource                                    ; Usage          ;
+---------------------------------------------+----------------+
; Estimate of Logic utilization (ALMs needed) ; 15             ;
;                                             ;                ;
; Combinational ALUT usage for logic          ; 20             ;
;     -- 7 input functions                    ; 0              ;
;     -- 6 input functions                    ; 9              ;
;     -- 5 input functions                    ; 2              ;
;     -- 4 input functions                    ; 2              ;
;     -- <=3 input functions                  ; 7              ;
;                                             ;                ;
; Dedicated logic registers                   ; 19             ;
;                                             ;                ;
; I/O pins                                    ; 67             ;
;                                             ;                ;
; Total DSP Blocks                            ; 0              ;
;                                             ;                ;
; Maximum fan-out node                        ; CLOCK_50~input ;
; Maximum fan-out                             ; 19             ;
; Total fan-out                               ; 206            ;
; Average fan-out                             ; 1.19           ;
+---------------------------------------------+----------------+


+---------------------------------------------------------------------------------------------------------------------------------------------------------------------------------------------+
; Analysis & Synthesis Resource Utilization by Entity                                                                                                                                         ;
+----------------------------+---------------------+---------------------------+-------------------+------------+------+--------------+--------------------------+-------------+--------------+
; Compilation Hierarchy Node ; Combinational ALUTs ; Dedicated Logic Registers ; Block Memory Bits ; DSP Blocks ; Pins ; Virtual Pins ; Full Hierarchy Name      ; Entity Name ; Library Name ;
+----------------------------+---------------------+---------------------------+-------------------+------------+------+--------------+--------------------------+-------------+--------------+
; |DE1_SoC                   ; 20 (0)              ; 19 (0)                    ; 0                 ; 0          ; 67   ; 0            ; |DE1_SoC                 ; DE1_SoC     ; work         ;
;    |centerLight:cl|        ; 1 (1)               ; 1 (1)                     ; 0                 ; 0          ; 0    ; 0            ; |DE1_SoC|centerLight:cl  ; centerLight ; work         ;
;    |decideWin:de|          ; 5 (5)               ; 2 (2)                     ; 0                 ; 0          ; 0    ; 0            ; |DE1_SoC|decideWin:de    ; decideWin   ; work         ;
;    |meta:set0|             ; 0 (0)               ; 2 (2)                     ; 0                 ; 0          ; 0    ; 0            ; |DE1_SoC|meta:set0       ; meta        ; work         ;
;    |meta:set3|             ; 0 (0)               ; 2 (2)                     ; 0                 ; 0          ; 0    ; 0            ; |DE1_SoC|meta:set3       ; meta        ; work         ;
;    |normalLight:nm1|       ; 1 (1)               ; 1 (1)                     ; 0                 ; 0          ; 0    ; 0            ; |DE1_SoC|normalLight:nm1 ; normalLight ; work         ;
;    |normalLight:nm2|       ; 1 (1)               ; 1 (1)                     ; 0                 ; 0          ; 0    ; 0            ; |DE1_SoC|normalLight:nm2 ; normalLight ; work         ;
;    |normalLight:nm3|       ; 1 (1)               ; 1 (1)                     ; 0                 ; 0          ; 0    ; 0            ; |DE1_SoC|normalLight:nm3 ; normalLight ; work         ;
;    |normalLight:nm4|       ; 1 (1)               ; 1 (1)                     ; 0                 ; 0          ; 0    ; 0            ; |DE1_SoC|normalLight:nm4 ; normalLight ; work         ;
;    |normalLight:nm6|       ; 1 (1)               ; 1 (1)                     ; 0                 ; 0          ; 0    ; 0            ; |DE1_SoC|normalLight:nm6 ; normalLight ; work         ;
;    |normalLight:nm7|       ; 1 (1)               ; 1 (1)                     ; 0                 ; 0          ; 0    ; 0            ; |DE1_SoC|normalLight:nm7 ; normalLight ; work         ;
;    |normalLight:nm8|       ; 1 (1)               ; 1 (1)                     ; 0                 ; 0          ; 0    ; 0            ; |DE1_SoC|normalLight:nm8 ; normalLight ; work         ;
;    |normalLight:nm9|       ; 1 (1)               ; 1 (1)                     ; 0                 ; 0          ; 0    ; 0            ; |DE1_SoC|normalLight:nm9 ; normalLight ; work         ;
;    |userInput:in0|         ; 3 (3)               ; 2 (2)                     ; 0                 ; 0          ; 0    ; 0            ; |DE1_SoC|userInput:in0   ; userInput   ; work         ;
;    |userInput:in3|         ; 3 (3)               ; 2 (2)                     ; 0                 ; 0          ; 0    ; 0            ; |DE1_SoC|userInput:in3   ; userInput   ; work         ;
+----------------------------+---------------------+---------------------------+-------------------+------------+------+--------------+--------------------------+-------------+--------------+
Note: For table entries with two numbers listed, the numbers in parentheses indicate the number of resources of the given type used by the specific entity alone. The numbers listed outside of parentheses indicate the total resources of the given type used by the specific entity and all of its sub-entities in the hierarchy.


+----------------------------------------------------------------------------------+
; Registers Removed During Synthesis                                               ;
+-----------------------------------------+----------------------------------------+
; Register name                           ; Reason for Removal                     ;
+-----------------------------------------+----------------------------------------+
; decideWin:de|ps[2..31]                  ; Stuck at GND due to stuck port data_in ;
; normalLight:nm1|ps[1..31]               ; Stuck at GND due to stuck port data_in ;
; normalLight:nm2|ps[1..31]               ; Stuck at GND due to stuck port data_in ;
; normalLight:nm3|ps[1..31]               ; Stuck at GND due to stuck port data_in ;
; normalLight:nm4|ps[1..31]               ; Stuck at GND due to stuck port data_in ;
; centerLight:cl|ps[1..31]                ; Stuck at GND due to stuck port data_in ;
; normalLight:nm6|ps[1..31]               ; Stuck at GND due to stuck port data_in ;
; normalLight:nm7|ps[1..31]               ; Stuck at GND due to stuck port data_in ;
; normalLight:nm8|ps[1..31]               ; Stuck at GND due to stuck port data_in ;
; normalLight:nm9|ps[1..31]               ; Stuck at GND due to stuck port data_in ;
; userInput:in0|ps[2..31]                 ; Stuck at GND due to stuck port data_in ;
; userInput:in3|ps[2..31]                 ; Stuck at GND due to stuck port data_in ;
; Total Number of Removed Registers = 369 ;                                        ;
+-----------------------------------------+----------------------------------------+


+------------------------------------------------------+
; General Register Statistics                          ;
+----------------------------------------------+-------+
; Statistic                                    ; Value ;
+----------------------------------------------+-------+
; Total registers                              ; 19    ;
; Number of registers using Synchronous Clear  ; 0     ;
; Number of registers using Synchronous Load   ; 0     ;
; Number of registers using Asynchronous Clear ; 0     ;
; Number of registers using Asynchronous Load  ; 0     ;
; Number of registers using Clock Enable       ; 0     ;
; Number of registers using Preset             ; 0     ;
+----------------------------------------------+-------+


+---------------------------------------------+
; Port Connectivity Checks: "normalLight:nm1" ;
+------+-------+----------+-------------------+
; Port ; Type  ; Severity ; Details           ;
+------+-------+----------+-------------------+
; NR   ; Input ; Info     ; Stuck at GND      ;
+------+-------+----------+-------------------+


+---------------------------------------------+
; Port Connectivity Checks: "normalLight:nm9" ;
+------+-------+----------+-------------------+
; Port ; Type  ; Severity ; Details           ;
+------+-------+----------+-------------------+
; NL   ; Input ; Info     ; Stuck at GND      ;
+------+-------+----------+-------------------+


+----------------------------------------------------------------------------------------------------------------+
; Port Connectivity Checks: "meta:set0"                                                                          ;
+------+--------+----------+-------------------------------------------------------------------------------------+
; Port ; Type   ; Severity ; Details                                                                             ;
+------+--------+----------+-------------------------------------------------------------------------------------+
; q1   ; Output ; Info     ; Connected to dangling logic. Logic that only feeds a dangling port will be removed. ;
+------+--------+----------+-------------------------------------------------------------------------------------+


+----------------------------------------------------------------------------------------------------------------+
; Port Connectivity Checks: "meta:set3"                                                                          ;
+------+--------+----------+-------------------------------------------------------------------------------------+
; Port ; Type   ; Severity ; Details                                                                             ;
+------+--------+----------+-------------------------------------------------------------------------------------+
; q1   ; Output ; Info     ; Connected to dangling logic. Logic that only feeds a dangling port will be removed. ;
+------+--------+----------+-------------------------------------------------------------------------------------+


+-----------------------------------------------------+
; Post-Synthesis Netlist Statistics for Top Partition ;
+-----------------------+-----------------------------+
; Type                  ; Count                       ;
+-----------------------+-----------------------------+
; arriav_ff             ; 19                          ;
;     plain             ; 19                          ;
; arriav_lcell_comb     ; 26                          ;
;     normal            ; 26                          ;
;         0 data inputs ; 2                           ;
;         1 data inputs ; 4                           ;
;         2 data inputs ; 7                           ;
;         4 data inputs ; 2                           ;
;         5 data inputs ; 2                           ;
;         6 data inputs ; 9                           ;
; boundary_port         ; 67                          ;
;                       ;                             ;
; Max LUT depth         ; 2.00                        ;
; Average LUT depth     ; 1.37                        ;
+-----------------------+-----------------------------+


+-------------------------------+
; Elapsed Time Per Partition    ;
+----------------+--------------+
; Partition Name ; Elapsed Time ;
+----------------+--------------+
; Top            ; 00:00:00     ;
+----------------+--------------+


+-------------------------------+
; Analysis & Synthesis Messages ;
+-------------------------------+
Info: *******************************************************************
Info: Running Quartus Prime Analysis & Synthesis
    Info: Version 17.0.0 Build 595 04/25/2017 SJ Lite Edition
    Info: Processing started: Wed Jul 18 20:24:46 2018
Info: Command: quartus_map --read_settings_files=on --write_settings_files=off DE1_SoC -c DE1_SoC
Warning (18236): Number of processors has not been specified which may cause overloading on shared machines.  Set the global assignment NUM_PARALLEL_PROCESSORS in your QSF to an appropriate value for best performance.
Info (20030): Parallel compilation is enabled and will use 4 of the 4 processors detected
Info (12021): Found 2 design units, including 2 entities, in source file hazardlight.sv
    Info (12023): Found entity 1: hazardlight File: C:/Users/10737/Desktop/lab4/hazardlight.sv Line: 1
    Info (12023): Found entity 2: simple_testbench File: C:/Users/10737/Desktop/lab4/hazardlight.sv Line: 67
Warning (12019): Can't analyze file -- file saleMachine.sv is missing
Info (12021): Found 3 design units, including 3 entities, in source file de1_soc.sv
    Info (12023): Found entity 1: DE1_SoC File: C:/Users/10737/Desktop/lab4/DE1_SoC.sv Line: 2
    Info (12023): Found entity 2: clock_divider File: C:/Users/10737/Desktop/lab4/DE1_SoC.sv Line: 62
    Info (12023): Found entity 3: DE1_SoC_testbench File: C:/Users/10737/Desktop/lab4/DE1_SoC.sv Line: 76
Info (12021): Found 2 design units, including 2 entities, in source file centerlight.sv
    Info (12023): Found entity 1: centerLight File: C:/Users/10737/Desktop/lab4/centerLight.sv Line: 2
    Info (12023): Found entity 2: centerLight_testbench File: C:/Users/10737/Desktop/lab4/centerLight.sv Line: 34
Info (12021): Found 2 design units, including 2 entities, in source file meta.sv
    Info (12023): Found entity 1: meta File: C:/Users/10737/Desktop/lab4/meta.sv Line: 2
    Info (12023): Found entity 2: meta_testbench File: C:/Users/10737/Desktop/lab4/meta.sv Line: 14
Info (12021): Found 2 design units, including 2 entities, in source file normallight.sv
    Info (12023): Found entity 1: normalLight File: C:/Users/10737/Desktop/lab4/normalLight.sv Line: 2
    Info (12023): Found entity 2: normalLight_testbench File: C:/Users/10737/Desktop/lab4/normalLight.sv Line: 34
Info (12021): Found 2 design units, including 2 entities, in source file decidewin.sv
    Info (12023): Found entity 1: decideWin File: C:/Users/10737/Desktop/lab4/decideWin.sv Line: 2
    Info (12023): Found entity 2: decide_testbench File: C:/Users/10737/Desktop/lab4/decideWin.sv Line: 47
Info (12021): Found 2 design units, including 2 entities, in source file userinput.sv
    Info (12023): Found entity 1: userInput File: C:/Users/10737/Desktop/lab4/userInput.sv Line: 2
    Info (12023): Found entity 2: User_testbench File: C:/Users/10737/Desktop/lab4/userInput.sv Line: 49
Info (12127): Elaborating entity "DE1_SoC" for the top level hierarchy
Warning (10034): Output port "LEDR[0]" at DE1_SoC.sv(6) has no driver File: C:/Users/10737/Desktop/lab4/DE1_SoC.sv Line: 6
Info (12128): Elaborating entity "meta" for hierarchy "meta:set3" File: C:/Users/10737/Desktop/lab4/DE1_SoC.sv Line: 23
Info (12128): Elaborating entity "userInput" for hierarchy "userInput:in3" File: C:/Users/10737/Desktop/lab4/DE1_SoC.sv Line: 27
Info (12128): Elaborating entity "normalLight" for hierarchy "normalLight:nm9" File: C:/Users/10737/Desktop/lab4/DE1_SoC.sv Line: 31
Info (12128): Elaborating entity "centerLight" for hierarchy "centerLight:cl" File: C:/Users/10737/Desktop/lab4/DE1_SoC.sv Line: 39
Info (12128): Elaborating entity "decideWin" for hierarchy "decideWin:de" File: C:/Users/10737/Desktop/lab4/DE1_SoC.sv Line: 49
Warning (13024): Output pins are stuck at VCC or GND
    Warning (13410): Pin "HEX0[5]" is stuck at VCC File: C:/Users/10737/Desktop/lab4/DE1_SoC.sv Line: 5
    Warning (13410): Pin "HEX1[0]" is stuck at VCC File: C:/Users/10737/Desktop/lab4/DE1_SoC.sv Line: 5
    Warning (13410): Pin "HEX1[1]" is stuck at VCC File: C:/Users/10737/Desktop/lab4/DE1_SoC.sv Line: 5
    Warning (13410): Pin "HEX1[2]" is stuck at VCC File: C:/Users/10737/Desktop/lab4/DE1_SoC.sv Line: 5
    Warning (13410): Pin "HEX1[3]" is stuck at VCC File: C:/Users/10737/Desktop/lab4/DE1_SoC.sv Line: 5
    Warning (13410): Pin "HEX1[4]" is stuck at VCC File: C:/Users/10737/Desktop/lab4/DE1_SoC.sv Line: 5
    Warning (13410): Pin "HEX1[5]" is stuck at VCC File: C:/Users/10737/Desktop/lab4/DE1_SoC.sv Line: 5
    Warning (13410): Pin "HEX1[6]" is stuck at VCC File: C:/Users/10737/Desktop/lab4/DE1_SoC.sv Line: 5
    Warning (13410): Pin "HEX2[0]" is stuck at VCC File: C:/Users/10737/Desktop/lab4/DE1_SoC.sv Line: 5
    Warning (13410): Pin "HEX2[1]" is stuck at VCC File: C:/Users/10737/Desktop/lab4/DE1_SoC.sv Line: 5
    Warning (13410): Pin "HEX2[2]" is stuck at VCC File: C:/Users/10737/Desktop/lab4/DE1_SoC.sv Line: 5
    Warning (13410): Pin "HEX2[3]" is stuck at VCC File: C:/Users/10737/Desktop/lab4/DE1_SoC.sv Line: 5
    Warning (13410): Pin "HEX2[4]" is stuck at VCC File: C:/Users/10737/Desktop/lab4/DE1_SoC.sv Line: 5
    Warning (13410): Pin "HEX2[5]" is stuck at VCC File: C:/Users/10737/Desktop/lab4/DE1_SoC.sv Line: 5
    Warning (13410): Pin "HEX2[6]" is stuck at VCC File: C:/Users/10737/Desktop/lab4/DE1_SoC.sv Line: 5
    Warning (13410): Pin "HEX3[0]" is stuck at VCC File: C:/Users/10737/Desktop/lab4/DE1_SoC.sv Line: 5
    Warning (13410): Pin "HEX3[1]" is stuck at VCC File: C:/Users/10737/Desktop/lab4/DE1_SoC.sv Line: 5
    Warning (13410): Pin "HEX3[2]" is stuck at VCC File: C:/Users/10737/Desktop/lab4/DE1_SoC.sv Line: 5
    Warning (13410): Pin "HEX3[3]" is stuck at VCC File: C:/Users/10737/Desktop/lab4/DE1_SoC.sv Line: 5
    Warning (13410): Pin "HEX3[4]" is stuck at VCC File: C:/Users/10737/Desktop/lab4/DE1_SoC.sv Line: 5
    Warning (13410): Pin "HEX3[5]" is stuck at VCC File: C:/Users/10737/Desktop/lab4/DE1_SoC.sv Line: 5
    Warning (13410): Pin "HEX3[6]" is stuck at VCC File: C:/Users/10737/Desktop/lab4/DE1_SoC.sv Line: 5
    Warning (13410): Pin "HEX4[0]" is stuck at VCC File: C:/Users/10737/Desktop/lab4/DE1_SoC.sv Line: 5
    Warning (13410): Pin "HEX4[1]" is stuck at VCC File: C:/Users/10737/Desktop/lab4/DE1_SoC.sv Line: 5
    Warning (13410): Pin "HEX4[2]" is stuck at VCC File: C:/Users/10737/Desktop/lab4/DE1_SoC.sv Line: 5
    Warning (13410): Pin "HEX4[3]" is stuck at VCC File: C:/Users/10737/Desktop/lab4/DE1_SoC.sv Line: 5
    Warning (13410): Pin "HEX4[4]" is stuck at VCC File: C:/Users/10737/Desktop/lab4/DE1_SoC.sv Line: 5
    Warning (13410): Pin "HEX4[5]" is stuck at VCC File: C:/Users/10737/Desktop/lab4/DE1_SoC.sv Line: 5
    Warning (13410): Pin "HEX4[6]" is stuck at VCC File: C:/Users/10737/Desktop/lab4/DE1_SoC.sv Line: 5
    Warning (13410): Pin "HEX5[0]" is stuck at VCC File: C:/Users/10737/Desktop/lab4/DE1_SoC.sv Line: 5
    Warning (13410): Pin "HEX5[1]" is stuck at VCC File: C:/Users/10737/Desktop/lab4/DE1_SoC.sv Line: 5
    Warning (13410): Pin "HEX5[2]" is stuck at VCC File: C:/Users/10737/Desktop/lab4/DE1_SoC.sv Line: 5
    Warning (13410): Pin "HEX5[3]" is stuck at VCC File: C:/Users/10737/Desktop/lab4/DE1_SoC.sv Line: 5
    Warning (13410): Pin "HEX5[4]" is stuck at VCC File: C:/Users/10737/Desktop/lab4/DE1_SoC.sv Line: 5
    Warning (13410): Pin "HEX5[5]" is stuck at VCC File: C:/Users/10737/Desktop/lab4/DE1_SoC.sv Line: 5
    Warning (13410): Pin "HEX5[6]" is stuck at VCC File: C:/Users/10737/Desktop/lab4/DE1_SoC.sv Line: 5
    Warning (13410): Pin "LEDR[0]" is stuck at GND File: C:/Users/10737/Desktop/lab4/DE1_SoC.sv Line: 6
Info (286030): Timing-Driven Synthesis is running
Info (16010): Generating hard_block partition "hard_block:auto_generated_inst"
    Info (16011): Adding 0 node(s), including 0 DDIO, 0 PLL, 0 transceiver and 0 LCELL
Warning (21074): Design contains 11 input pin(s) that do not drive logic
    Warning (15610): No output dependent on input pin "KEY[1]" File: C:/Users/10737/Desktop/lab4/DE1_SoC.sv Line: 7
    Warning (15610): No output dependent on input pin "KEY[2]" File: C:/Users/10737/Desktop/lab4/DE1_SoC.sv Line: 7
    Warning (15610): No output dependent on input pin "SW[0]" File: C:/Users/10737/Desktop/lab4/DE1_SoC.sv Line: 8
    Warning (15610): No output dependent on input pin "SW[1]" File: C:/Users/10737/Desktop/lab4/DE1_SoC.sv Line: 8
    Warning (15610): No output dependent on input pin "SW[2]" File: C:/Users/10737/Desktop/lab4/DE1_SoC.sv Line: 8
    Warning (15610): No output dependent on input pin "SW[3]" File: C:/Users/10737/Desktop/lab4/DE1_SoC.sv Line: 8
    Warning (15610): No output dependent on input pin "SW[4]" File: C:/Users/10737/Desktop/lab4/DE1_SoC.sv Line: 8
    Warning (15610): No output dependent on input pin "SW[5]" File: C:/Users/10737/Desktop/lab4/DE1_SoC.sv Line: 8
    Warning (15610): No output dependent on input pin "SW[6]" File: C:/Users/10737/Desktop/lab4/DE1_SoC.sv Line: 8
    Warning (15610): No output dependent on input pin "SW[7]" File: C:/Users/10737/Desktop/lab4/DE1_SoC.sv Line: 8
    Warning (15610): No output dependent on input pin "SW[8]" File: C:/Users/10737/Desktop/lab4/DE1_SoC.sv Line: 8
Info (21057): Implemented 91 device resources after synthesis - the final resource count might be different
    Info (21058): Implemented 15 input pins
    Info (21059): Implemented 52 output pins
    Info (21061): Implemented 24 logic cells
Info: Quartus Prime Analysis & Synthesis was successful. 0 errors, 53 warnings
    Info: Peak virtual memory: 4850 megabytes
    Info: Processing ended: Wed Jul 18 20:24:56 2018
    Info: Elapsed time: 00:00:10
    Info: Total CPU time (on all processors): 00:00:27


